2025-06-13T20:41:49.291Z [right meow!] [32minfo[39m: Connecting to MongoDB - for @development
2025-06-13T20:41:49.383Z [right meow!] [32minfo[39m: Prometheus metrics are available at http://localhost:2026/metrics
2025-06-13T20:41:49.383Z [right meow!] [32minfo[39m: Server is 🚀😌😌😌😌. running on port http://localhost:2026 - Process ID: 17860.!!! - @development
2025-06-13T20:42:19.353Z [right meow!] [32minfo[39m: Disconnected from MongoDB
2025-06-13T20:42:56.482Z [right meow!] [32minfo[39m: Connecting to MongoDB - for @development
2025-06-13T20:42:56.534Z [right meow!] [32minfo[39m: Prometheus metrics are available at http://localhost:2026/metrics
2025-06-13T20:42:56.537Z [right meow!] [32minfo[39m: Your Server is Live, and running on port http://localhost:2026 - Process ID: 416.!!! - @development
2025-06-13T20:43:26.542Z [right meow!] [32minfo[39m: Disconnected from MongoDB
2025-06-13T20:45:40.120Z [right meow!] [32minfo[39m: Connecting to MongoDB - for @development
2025-06-13T20:45:40.183Z [right meow!] [32minfo[39m: Prometheus metrics are available at http://localhost:2026/metrics
2025-06-13T20:45:40.184Z [right meow!] [32minfo[39m: Your Server is Live, and running on port http://localhost:2026 - Process ID: 19876.!!! - @development
2025-06-13T20:45:56.670Z [right meow!] [32minfo[39m: Connecting to MongoDB - for @development
2025-06-13T20:45:56.732Z [right meow!] [32minfo[39m: Prometheus metrics are available at http://localhost:2026/metrics
2025-06-13T20:45:56.733Z [right meow!] [32minfo[39m: Your Server is Live, and running on port http://localhost:2026 - Process ID: 17860.!!! - @development
2025-06-13T20:46:26.732Z [right meow!] [32minfo[39m: Disconnected from MongoDB
2025-06-13T20:47:18.943Z [right meow!] [32minfo[39m: Connecting to MongoDB - for @development
2025-06-13T20:47:18.991Z [right meow!] [32minfo[39m: Prometheus metrics are available at http://localhost:2026/metrics
2025-06-13T20:47:18.992Z [right meow!] [32minfo[39m: Your Server is Live, and running on port http://localhost:2026 - Process ID: 19704.!!! - @development
2025-06-13T20:48:40.572Z [right meow!] [32minfo[39m: Connecting to MongoDB - for @development
2025-06-13T20:48:40.660Z [right meow!] [32minfo[39m: Prometheus metrics are available at http://localhost:2026/metrics
2025-06-13T20:48:40.661Z [right meow!] [32minfo[39m: Your Server is Live, and running on port http://localhost:2026 - Process ID: 16428.!!! - @development
2025-06-13T20:49:00.198Z [right meow!] [32minfo[39m: Connecting to MongoDB - for @development
2025-06-13T20:49:00.260Z [right meow!] [32minfo[39m: Prometheus metrics are available at http://localhost:2026/metrics
2025-06-13T20:49:00.261Z [right meow!] [32minfo[39m: Your Server is Live, and running on port http://localhost:2026 - Process ID: 11640.!!! - @development
2025-06-13T20:49:30.908Z [right meow!] [32minfo[39m: Disconnected from MongoDB
2025-06-13T20:50:20.548Z [right meow!] [32minfo[39m: Connecting to MongoDB - for @development
2025-06-13T20:50:20.602Z [right meow!] [32minfo[39m: Prometheus metrics are available at http://localhost:2026/metrics
2025-06-13T20:50:20.603Z [right meow!] [32minfo[39m: Your Server is Live, and running on port http://localhost:2026 - Process ID: 18680.!!! - @development
2025-06-13T20:51:11.686Z [right meow!] [32minfo[39m: Connecting to MongoDB - for @development
2025-06-13T20:51:11.796Z [right meow!] [32minfo[39m: Prometheus metrics are available at http://localhost:2026/metrics
2025-06-13T20:51:11.798Z [right meow!] [32minfo[39m: Your Server is Live, and running on port http://localhost:2026 - Process ID: 14436.!!! - @development
2025-06-13T20:51:41.792Z [right meow!] [32minfo[39m: Disconnected from MongoDB
2025-06-13T20:52:12.201Z [right meow!] [32minfo[39m: Connecting to MongoDB - for @development
2025-06-13T20:52:12.257Z [right meow!] [32minfo[39m: Prometheus metrics are available at http://localhost:2026/metrics
2025-06-13T20:52:12.258Z [right meow!] [32minfo[39m: Your Server is Live, and running on port http://localhost:2026 - Process ID: 20048.!!! - @development
2025-06-13T20:52:42.261Z [right meow!] [32minfo[39m: Disconnected from MongoDB
2025-06-13T20:54:47.477Z [right meow!] [32minfo[39m: Connecting to MongoDB - for @development
2025-06-13T20:54:47.528Z [right meow!] [32minfo[39m: Prometheus metrics are available at http://localhost:2026/metrics
2025-06-13T20:54:47.529Z [right meow!] [32minfo[39m: Your Server is Live, and running on port http://localhost:2026 - Process ID: 18292.!!! - @development
2025-06-13T20:55:17.523Z [right meow!] [32minfo[39m: Disconnected from MongoDB
2025-06-13T21:08:49.083Z [right meow!] [32minfo[39m: Connecting to MongoDB - for @development
2025-06-13T21:08:49.313Z [right meow!] [32minfo[39m: Prometheus metrics are available at http://localhost:2026/metrics
2025-06-13T21:08:49.314Z [right meow!] [32minfo[39m: Your Server is Live, and running on port http://localhost:2026 - Process ID: 15556.!!! - @development
2025-06-13T21:09:19.259Z [right meow!] [32minfo[39m: Disconnected from MongoDB
2025-06-13T21:10:28.124Z [right meow!] [32minfo[39m: Connecting to MongoDB - for @development
2025-06-13T21:10:28.625Z [right meow!] [32minfo[39m: Prometheus metrics are available at http://localhost:2026/metrics
2025-06-13T21:10:29.092Z [right meow!] [32minfo[39m: Your Server is Live, and running on port http://localhost:2026 - Process ID: 4348.!!! - @development
2025-06-13T21:10:58.337Z [right meow!] [32minfo[39m: Disconnected from MongoDB
2025-06-13T21:13:23.938Z [right meow!] [32minfo[39m: Connecting to MongoDB - for @development
2025-06-13T21:13:24.503Z [right meow!] [32minfo[39m: Prometheus metrics are available at http://localhost:2026/metrics
2025-06-13T21:13:24.504Z [right meow!] [32minfo[39m: Your Server is Live, and running on port http://localhost:2026 - Process ID: 18332.!!! - @development
2025-06-13T21:15:05.522Z [right meow!] [32minfo[39m: Connecting to MongoDB - for @development
2025-06-13T21:15:05.640Z [right meow!] [32minfo[39m: Prometheus metrics are available at http://localhost:2026/metrics
2025-06-13T21:15:05.641Z [right meow!] [32minfo[39m: Your Server is Live, and running on port http://localhost:2026 - Process ID: 14524.!!! - @development
2025-06-13T21:15:36.250Z [right meow!] [32minfo[39m: Connecting to MongoDB - for @development
2025-06-13T21:15:36.395Z [right meow!] [32minfo[39m: Prometheus metrics are available at http://localhost:2026/metrics
2025-06-13T21:15:36.396Z [right meow!] [32minfo[39m: Your Server is Live, and running on port http://localhost:2026 - Process ID: 15768.!!! - @development
2025-06-13T21:16:12.066Z [right meow!] [32minfo[39m: Connecting to MongoDB - for @development
2025-06-13T21:16:12.159Z [right meow!] [32minfo[39m: Prometheus metrics are available at http://localhost:2026/metrics
2025-06-13T21:16:12.160Z [right meow!] [32minfo[39m: Your Server is Live, and running on port http://localhost:2026 - Process ID: 12048.!!! - @development
2025-06-13T21:16:43.194Z [right meow!] [32minfo[39m: Connecting to MongoDB - for @development
2025-06-13T21:16:43.267Z [right meow!] [32minfo[39m: Prometheus metrics are available at http://localhost:2026/metrics
2025-06-13T21:16:43.270Z [right meow!] [32minfo[39m: Your Server is Live, and running on port http://localhost:2026 - Process ID: 19352.!!! - @development
2025-06-13T21:17:13.757Z [right meow!] [32minfo[39m: Connecting to MongoDB - for @development
2025-06-13T21:17:13.838Z [right meow!] [32minfo[39m: Prometheus metrics are available at http://localhost:2026/metrics
2025-06-13T21:17:13.839Z [right meow!] [32minfo[39m: Your Server is Live, and running on port http://localhost:2026 - Process ID: 13936.!!! - @development
2025-06-13T21:17:43.833Z [right meow!] [32minfo[39m: Disconnected from MongoDB
2025-06-13T21:18:19.805Z [right meow!] [32minfo[39m: Connecting to MongoDB - for @development
2025-06-13T21:18:19.887Z [right meow!] [32minfo[39m: Prometheus metrics are available at http://localhost:2026/metrics
2025-06-13T21:18:19.888Z [right meow!] [32minfo[39m: Your Server is Live, and running on port http://localhost:2026 - Process ID: 2036.!!! - @development
2025-06-13T21:18:54.560Z [right meow!] [32minfo[39m: Connecting to MongoDB - for @development
2025-06-13T21:18:54.640Z [right meow!] [32minfo[39m: Prometheus metrics are available at http://localhost:2026/metrics
2025-06-13T21:18:54.641Z [right meow!] [32minfo[39m: Your Server is Live, and running on port http://localhost:2026 - Process ID: 18332.!!! - @development
2025-06-13T21:19:17.913Z [right meow!] [32minfo[39m: Connecting to MongoDB - for @development
2025-06-13T21:19:18.031Z [right meow!] [32minfo[39m: Prometheus metrics are available at http://localhost:2026/metrics
2025-06-13T21:19:18.032Z [right meow!] [32minfo[39m: Your Server is Live, and running on port http://localhost:2026 - Process ID: 3328.!!! - @development
2025-06-13T21:19:46.516Z [right meow!] [32minfo[39m: Connecting to MongoDB - for @development
2025-06-13T21:19:46.638Z [right meow!] [32minfo[39m: Prometheus metrics are available at http://localhost:2026/metrics
2025-06-13T21:19:46.640Z [right meow!] [32minfo[39m: Your Server is Live, and running on port http://localhost:2026 - Process ID: 16336.!!! - @development
2025-06-13T21:20:16.651Z [right meow!] [32minfo[39m: Disconnected from MongoDB
2025-06-13T21:22:26.152Z [right meow!] [32minfo[39m: Connecting to MongoDB - for @development
2025-06-13T21:22:26.279Z [right meow!] [32minfo[39m: Prometheus metrics are available at http://localhost:2026/metrics
2025-06-13T21:22:26.282Z [right meow!] [32minfo[39m: Your Server is Live, and running on port http://localhost:2026 - Process ID: 11444.!!! - @development
2025-06-13T21:23:00.852Z [right meow!] [32minfo[39m: Connecting to MongoDB - for @development
2025-06-13T21:23:00.973Z [right meow!] [32minfo[39m: Prometheus metrics are available at http://localhost:2026/metrics
2025-06-13T21:23:00.977Z [right meow!] [32minfo[39m: Your Server is Live, and running on port http://localhost:2026 - Process ID: 19836.!!! - @development
2025-06-13T21:23:30.976Z [right meow!] [32minfo[39m: Disconnected from MongoDB
2025-06-13T21:24:29.585Z [right meow!] [32minfo[39m: Connecting to MongoDB - for @development
2025-06-13T21:24:29.711Z [right meow!] [32minfo[39m: Prometheus metrics are available at http://localhost:2026/metrics
2025-06-13T21:24:29.714Z [right meow!] [32minfo[39m: Your Server is Live, and running on port http://localhost:2026 - Process ID: 9952.!!! - @development
2025-06-13T21:24:59.701Z [right meow!] [32minfo[39m: Disconnected from MongoDB
2025-06-13T21:27:31.299Z [right meow!] [32minfo[39m: Connecting to MongoDB - for @development
2025-06-13T21:27:31.398Z [right meow!] [32minfo[39m: Prometheus metrics are available at http://localhost:2026/metrics
2025-06-13T21:27:31.400Z [right meow!] [32minfo[39m: Your Server is Live, and running on port http://localhost:2026 - Process ID: 16828.!!! - @development
2025-06-13T21:28:01.432Z [right meow!] [32minfo[39m: Disconnected from MongoDB
2025-06-13T21:28:51.368Z [right meow!] [32minfo[39m: Connecting to MongoDB - for @development
2025-06-13T21:28:51.442Z [right meow!] [32minfo[39m: Prometheus metrics are available at http://localhost:2026/metrics
2025-06-13T21:28:51.443Z [right meow!] [32minfo[39m: Your Server is Live, and running on port http://localhost:2026 - Process ID: 18452.!!! - @development
2025-06-13T21:29:21.434Z [right meow!] [32minfo[39m: Disconnected from MongoDB
2025-06-14T20:37:30.945Z [right meow!] [32minfo[39m: Connecting to MongoDB - for @development
2025-06-14T20:37:31.100Z [right meow!] [32minfo[39m: Prometheus metrics are available at http://localhost:2026/metrics
2025-06-14T20:37:31.101Z [right meow!] [32minfo[39m: Server is live on http://localhost:2026 - PID: 21164 - ENV: development
2025-06-14T20:38:01.047Z [right meow!] [32minfo[39m: Disconnected from MongoDB
2025-06-14T20:44:31.184Z [right meow!] [32minfo[39m: Connecting to MongoDB - for @development
2025-06-14T20:44:31.447Z [right meow!] [32minfo[39m: Prometheus metrics are available at http://localhost:2026/metrics
2025-06-14T20:44:31.448Z [right meow!] [32minfo[39m: Server is live on http://localhost:2026 - PID: 23880 - ENV: development
2025-06-14T20:45:01.367Z [right meow!] [32minfo[39m: Disconnected from MongoDB
2025-06-14T20:45:45.987Z [right meow!] [32minfo[39m: Connecting to MongoDB - for @development
2025-06-14T20:45:46.058Z [right meow!] [32minfo[39m: Prometheus metrics are available at http://localhost:2026/metrics
2025-06-14T20:45:46.059Z [right meow!] [32minfo[39m: Server is live on http://localhost:2026 - PID: 23752 - ENV: development
2025-06-14T20:46:08.154Z [right meow!] [32minfo[39m: Connecting to MongoDB - for @development
2025-06-14T20:46:08.266Z [right meow!] [32minfo[39m: Prometheus metrics are available at http://localhost:2026/metrics
2025-06-14T20:46:08.268Z [right meow!] [32minfo[39m: Server is live on http://localhost:2026 - PID: 21372 - ENV: development
2025-06-14T20:46:38.259Z [right meow!] [32minfo[39m: Disconnected from MongoDB
2025-06-14T20:51:39.566Z [right meow!] [32minfo[39m: Connecting to MongoDB - for @development
2025-06-14T20:51:40.176Z [right meow!] [32minfo[39m: Prometheus metrics are available at http://localhost:2026/metrics
2025-06-14T20:51:40.177Z [right meow!] [32minfo[39m: Server is live on http://localhost:2026 - PID: 23940 - ENV: development
2025-06-14T20:52:09.930Z [right meow!] [32minfo[39m: Disconnected from MongoDB
2025-06-14T20:53:53.268Z [right meow!] [32minfo[39m: Connecting to MongoDB - for @development
2025-06-14T20:53:53.348Z [right meow!] [32minfo[39m: Prometheus metrics are available at http://localhost:2026/metrics
2025-06-14T20:53:53.349Z [right meow!] [32minfo[39m: Server is live on http://localhost:2026 - PID: 16796 - ENV: development
2025-06-14T20:54:23.333Z [right meow!] [32minfo[39m: Disconnected from MongoDB
2025-06-14T20:54:59.234Z [right meow!] [32minfo[39m: Connecting to MongoDB - for @development
2025-06-14T20:54:59.316Z [right meow!] [32minfo[39m: Prometheus metrics are available at http://localhost:2026/metrics
2025-06-14T20:54:59.317Z [right meow!] [32minfo[39m: Server is live on http://localhost:2026 - PID: 23044 - ENV: development
2025-06-14T20:55:36.983Z [right meow!] [32minfo[39m: Connecting to MongoDB - for @development
2025-06-14T20:55:37.063Z [right meow!] [32minfo[39m: Prometheus metrics are available at http://localhost:2026/metrics
2025-06-14T20:55:37.064Z [right meow!] [32minfo[39m: Server is live on http://localhost:2026 - PID: 18932 - ENV: development
2025-06-14T20:56:07.047Z [right meow!] [32minfo[39m: Disconnected from MongoDB
2025-06-14T21:45:07.141Z [right meow!] [32minfo[39m: Connecting to MongoDB - for @development
2025-06-14T21:45:08.362Z [right meow!] [32minfo[39m: Prometheus metrics are available at http://localhost:2026/metrics
2025-06-14T21:45:08.365Z [right meow!] [32minfo[39m: Server is live on http://localhost:2026 - PID: 23548 - ENV: development
2025-06-14T21:45:38.021Z [right meow!] [32minfo[39m: Disconnected from MongoDB
2025-06-14T21:52:09.375Z [right meow!] [32minfo[39m: Connecting to MongoDB - for @development
2025-06-14T21:52:09.796Z [right meow!] [32minfo[39m: Prometheus metrics are available at http://localhost:2026/metrics
2025-06-14T21:52:09.797Z [right meow!] [32minfo[39m: Server is live on http://localhost:2026 - PID: 19140 - ENV: development
2025-06-14T21:52:10.012Z [right meow!] [32minfo[39m: Connected to MongoDB - for @development
2025-06-14T21:54:53.644Z [right meow!] [32minfo[39m: SIGINT received....
2025-06-14T22:17:40.655Z [right meow!] [32minfo[39m: Connecting to MongoDB - for @development
2025-06-14T22:17:40.921Z [right meow!] [32minfo[39m: Prometheus metrics are available at http://localhost:2026/metrics
2025-06-14T22:17:40.922Z [right meow!] [32minfo[39m: Server is live on http://localhost:2026 - PID: 22312 - ENV: development
2025-06-14T22:17:41.126Z [right meow!] [32minfo[39m: Connected to MongoDB - for @development
2025-06-14T22:33:39.729Z [right meow!] [32minfo[39m: Connecting to MongoDB - for @development
2025-06-14T22:33:39.794Z [right meow!] [32minfo[39m: Prometheus metrics are available at http://localhost:2026/metrics
2025-06-14T22:33:39.818Z [right meow!] [32minfo[39m: Server is live on http://localhost:2026 - PID: 22820 - ENV: development
2025-06-14T22:33:39.906Z [right meow!] [32minfo[39m: Connected to MongoDB - for @development
2025-06-14T22:34:39.755Z [right meow!] [32minfo[39m: Connecting to MongoDB - for @development
2025-06-14T22:34:39.809Z [right meow!] [32minfo[39m: Prometheus metrics are available at http://localhost:2026/metrics
2025-06-14T22:34:39.814Z [right meow!] [32minfo[39m: Server is live on http://localhost:2026 - PID: 23560 - ENV: development
2025-06-14T22:34:39.879Z [right meow!] [32minfo[39m: Connected to MongoDB - for @development
2025-06-14T22:35:20.765Z [right meow!] [32minfo[39m: Connecting to MongoDB - for @development
2025-06-14T22:35:20.814Z [right meow!] [32minfo[39m: Prometheus metrics are available at http://localhost:2026/metrics
2025-06-14T22:35:20.818Z [right meow!] [32minfo[39m: Server is live on http://localhost:2026 - PID: 21688 - ENV: development
2025-06-14T22:35:20.881Z [right meow!] [32minfo[39m: Connected to MongoDB - for @development
2025-06-14T22:35:54.859Z [right meow!] [32minfo[39m: Connecting to MongoDB - for @development
2025-06-14T22:35:54.953Z [right meow!] [32minfo[39m: Prometheus metrics are available at http://localhost:2026/metrics
2025-06-14T22:35:54.957Z [right meow!] [32minfo[39m: Server is live on http://localhost:2026 - PID: 24656 - ENV: development
2025-06-14T22:35:55.084Z [right meow!] [32minfo[39m: Connected to MongoDB - for @development
2025-06-14T22:36:33.663Z [right meow!] [32minfo[39m: Connecting to MongoDB - for @development
2025-06-14T22:36:33.705Z [right meow!] [32minfo[39m: Prometheus metrics are available at http://localhost:2026/metrics
2025-06-14T22:36:33.706Z [right meow!] [32minfo[39m: Server is live on http://localhost:2026 - PID: 22924 - ENV: development
2025-06-14T22:36:33.736Z [right meow!] [32minfo[39m: Connected to MongoDB - for @development
2025-06-14T22:39:05.247Z [right meow!] [32minfo[39m: Connecting to MongoDB - for @development
2025-06-14T22:39:05.316Z [right meow!] [32minfo[39m: Prometheus metrics are available at http://localhost:2026/metrics
2025-06-14T22:39:05.318Z [right meow!] [32minfo[39m: Server is live on http://localhost:2026 - PID: 25236 - ENV: development
2025-06-14T22:39:05.361Z [right meow!] [32minfo[39m: Connected to MongoDB - for @development
2025-06-14T22:39:55.559Z [right meow!] [32minfo[39m: Connecting to MongoDB - for @development
2025-06-14T22:39:55.624Z [right meow!] [32minfo[39m: Prometheus metrics are available at http://localhost:2026/metrics
2025-06-14T22:39:55.628Z [right meow!] [32minfo[39m: Server is live on http://localhost:2026 - PID: 21392 - ENV: development
2025-06-14T22:39:55.676Z [right meow!] [32minfo[39m: Connected to MongoDB - for @development
2025-06-14T22:40:42.937Z [right meow!] [32minfo[39m: Connecting to MongoDB - for @development
2025-06-14T22:40:43.024Z [right meow!] [32minfo[39m: Prometheus metrics are available at http://localhost:2026/metrics
2025-06-14T22:40:43.031Z [right meow!] [32minfo[39m: Server is live on http://localhost:2026 - PID: 13528 - ENV: development
2025-06-14T22:40:43.083Z [right meow!] [32minfo[39m: Connected to MongoDB - for @development
2025-06-14T22:47:37.877Z [right meow!] [32minfo[39m: Connecting to MongoDB - for @development
2025-06-14T22:47:37.933Z [right meow!] [32minfo[39m: Prometheus metrics are available at http://localhost:2026/metrics
2025-06-14T22:47:37.934Z [right meow!] [32minfo[39m: Server is live on http://localhost:2026 - PID: 17000 - ENV: development
2025-06-14T22:47:38.001Z [right meow!] [32minfo[39m: Connected to MongoDB - for @development
2025-06-14T22:54:39.549Z [right meow!] [32minfo[39m: Connecting to MongoDB - for @development
2025-06-14T22:54:43.191Z [right meow!] [32minfo[39m: Prometheus metrics are available at http://localhost:2026/metrics
2025-06-14T22:54:43.193Z [right meow!] [32minfo[39m: Server is live on http://localhost:2026 - PID: 26188 - ENV: development
2025-06-14T22:54:44.415Z [right meow!] [32minfo[39m: Connected to MongoDB - for @development
2025-06-15T00:10:36.246Z [right meow!] [32minfo[39m: Connecting to MongoDB - for @development
2025-06-15T00:10:37.009Z [right meow!] [32minfo[39m: Prometheus metrics are available at http://localhost:2026/metrics
2025-06-15T00:10:37.010Z [right meow!] [32minfo[39m: Server is live on http://localhost:2026 - PID: 13448 - ENV: development
2025-06-15T00:10:37.904Z [right meow!] [32minfo[39m: Connected to MongoDB - for @development
2025-06-15T00:15:30.675Z [right meow!] [32minfo[39m: Connecting to MongoDB - for @development
2025-06-15T00:15:30.757Z [right meow!] [32minfo[39m: Prometheus metrics are available at http://localhost:2026/metrics
2025-06-15T00:15:30.758Z [right meow!] [32minfo[39m: Server is live on http://localhost:2026 - PID: 25972 - ENV: development
2025-06-15T00:15:30.791Z [right meow!] [32minfo[39m: Connected to MongoDB - for @development
2025-06-15T00:16:00.225Z [right meow!] [32minfo[39m: Connecting to MongoDB - for @development
2025-06-15T00:16:00.294Z [right meow!] [32minfo[39m: Prometheus metrics are available at http://localhost:2026/metrics
2025-06-15T00:16:00.295Z [right meow!] [32minfo[39m: Server is live on http://localhost:2026 - PID: 23204 - ENV: development
2025-06-15T00:16:00.333Z [right meow!] [32minfo[39m: Connected to MongoDB - for @development
2025-06-15T00:16:22.294Z [right meow!] [32minfo[39m: Connecting to MongoDB - for @development
2025-06-15T00:16:22.394Z [right meow!] [32minfo[39m: Prometheus metrics are available at http://localhost:2026/metrics
2025-06-15T00:16:22.395Z [right meow!] [32minfo[39m: Server is live on http://localhost:2026 - PID: 25352 - ENV: development
2025-06-15T00:16:22.435Z [right meow!] [32minfo[39m: Connected to MongoDB - for @development
2025-06-15T00:16:36.669Z [right meow!] [32minfo[39m: Connecting to MongoDB - for @development
2025-06-15T00:16:36.737Z [right meow!] [32minfo[39m: Prometheus metrics are available at http://localhost:2026/metrics
2025-06-15T00:16:36.740Z [right meow!] [32minfo[39m: Server is live on http://localhost:2026 - PID: 17184 - ENV: development
2025-06-15T00:16:36.790Z [right meow!] [32minfo[39m: Connected to MongoDB - for @development
2025-06-15T00:17:42.215Z [right meow!] [32minfo[39m: Connecting to MongoDB - for @development
2025-06-15T00:17:42.313Z [right meow!] [32minfo[39m: Prometheus metrics are available at http://localhost:2026/metrics
2025-06-15T00:17:42.316Z [right meow!] [32minfo[39m: Server is live on http://localhost:2026 - PID: 21776 - ENV: development
2025-06-15T00:17:42.498Z [right meow!] [32minfo[39m: Connected to MongoDB - for @development
2025-06-15T00:19:10.184Z [right meow!] [32minfo[39m: Connecting to MongoDB - for @development
2025-06-15T00:19:10.309Z [right meow!] [32minfo[39m: Prometheus metrics are available at http://localhost:2026/metrics
2025-06-15T00:19:10.317Z [right meow!] [32minfo[39m: Server is live on http://localhost:2026 - PID: 26352 - ENV: development
2025-06-15T00:19:10.390Z [right meow!] [32minfo[39m: Connected to MongoDB - for @development
2025-06-15T01:04:43.833Z [right meow!] [32minfo[39m: SIGINT received....
2025-06-15T01:05:06.048Z [right meow!] [32minfo[39m: Connecting to MongoDB - for @development
2025-06-15T01:05:06.097Z [right meow!] [32minfo[39m: Prometheus metrics are available at http://localhost:2026/metrics
2025-06-15T01:05:06.098Z [right meow!] [32minfo[39m: Server is live on http://localhost:2026 - PID: 3212 - ENV: development
2025-06-15T01:05:06.133Z [right meow!] [32minfo[39m: Connected to MongoDB - for @development
2025-06-15T01:30:35.405Z [right meow!] [32minfo[39m: Connecting to MongoDB - for @development
2025-06-15T01:30:35.679Z [right meow!] [32minfo[39m: Prometheus metrics are available at http://localhost:2026/metrics
2025-06-15T01:30:35.680Z [right meow!] [32minfo[39m: Server is live on http://localhost:2026 - PID: 20316 - ENV: development
2025-06-15T01:30:35.966Z [right meow!] [32minfo[39m: Connected to MongoDB - for @development
2025-06-15T01:31:45.339Z [right meow!] [32minfo[39m: Connecting to MongoDB - for @development
2025-06-15T01:31:45.508Z [right meow!] [32minfo[39m: Prometheus metrics are available at http://localhost:2026/metrics
2025-06-15T01:31:45.521Z [right meow!] [32minfo[39m: Server is live on http://localhost:2026 - PID: 5560 - ENV: development
2025-06-15T01:31:45.889Z [right meow!] [32minfo[39m: Connected to MongoDB - for @development
2025-06-15T01:32:31.423Z [right meow!] [32minfo[39m: Connecting to MongoDB - for @development
2025-06-15T01:32:31.480Z [right meow!] [32minfo[39m: Prometheus metrics are available at http://localhost:2026/metrics
2025-06-15T01:32:31.482Z [right meow!] [32minfo[39m: Server is live on http://localhost:2026 - PID: 16680 - ENV: development
2025-06-15T01:32:31.535Z [right meow!] [32minfo[39m: Connected to MongoDB - for @development
2025-06-15T02:08:38.092Z [right meow!] [32minfo[39m: Connecting to MongoDB - for @development
2025-06-15T02:08:38.471Z [right meow!] [32minfo[39m: Prometheus metrics are available at http://localhost:2026/metrics
2025-06-15T02:08:38.473Z [right meow!] [32minfo[39m: Server is live on http://localhost:2026 - PID: 16528 - ENV: development
2025-06-15T02:08:39.913Z [right meow!] [32minfo[39m: Connected to MongoDB - for @development
2025-06-15T02:36:34.610Z [right meow!] [32minfo[39m: Connecting to MongoDB - for @development
2025-06-15T02:36:35.139Z [right meow!] [32minfo[39m: Prometheus metrics are available at http://localhost:2026/metrics
2025-06-15T02:36:35.140Z [right meow!] [32minfo[39m: Server is live on http://localhost:2026 - PID: 19604 - ENV: development
2025-06-15T02:36:39.799Z [right meow!] [32minfo[39m: Connected to MongoDB - for @development
2025-06-15T02:38:07.302Z [right meow!] [32minfo[39m: Request URL: /api/v1/auth/register - Method: POST - IP: ::1 - PostmanRuntime/7.44.0
2025-06-15T02:47:43.208Z [right meow!] [32minfo[39m: Connecting to MongoDB - for @development
2025-06-15T02:47:43.277Z [right meow!] [32minfo[39m: Prometheus metrics are available at http://localhost:2026/metrics
2025-06-15T02:47:43.279Z [right meow!] [32minfo[39m: Server is live on http://localhost:2026 - PID: 19496 - ENV: development
2025-06-15T02:47:43.423Z [right meow!] [32minfo[39m: Connected to MongoDB - for @development
2025-06-15T02:53:15.218Z [right meow!] [32minfo[39m: Connecting to MongoDB - for @development
2025-06-15T02:53:15.285Z [right meow!] [32minfo[39m: Prometheus metrics are available at http://localhost:2026/metrics
2025-06-15T02:53:15.286Z [right meow!] [32minfo[39m: Server is live on http://localhost:2026 - PID: 22740 - ENV: development
2025-06-15T02:53:15.312Z [right meow!] [32minfo[39m: Connected to MongoDB - for @development
2025-06-15T02:54:19.341Z [right meow!] [32minfo[39m: Request URL: /api/v1/auth/register - Method: POST - IP: ::1 - PostmanRuntime/7.44.0
2025-06-15T02:54:37.759Z [right meow!] [32minfo[39m: Request URL: /api/v1/auth/register - Method: POST - IP: ::1 - PostmanRuntime/7.44.0
2025-06-15T02:56:18.413Z [right meow!] [32minfo[39m: Request URL: /api/v1/auth/register - Method: POST - IP: ::1 - PostmanRuntime/7.44.0
2025-06-15T12:16:25.225Z [right meow!] [32minfo[39m: Connecting to MongoDB - for @development
2025-06-15T12:16:25.841Z [right meow!] [32minfo[39m: Prometheus metrics are available at http://localhost:2026/metrics
2025-06-15T12:16:25.842Z [right meow!] [32minfo[39m: Server is live on http://localhost:2026 - PID: 22868 - ENV: development
2025-06-15T12:16:55.543Z [right meow!] [32minfo[39m: Disconnected from MongoDB
2025-06-15T12:22:39.318Z [right meow!] [32minfo[39m: Connecting to MongoDB - for @development
2025-06-15T12:22:39.845Z [right meow!] [32minfo[39m: Prometheus metrics are available at http://localhost:2026/metrics
2025-06-15T12:22:39.848Z [right meow!] [32minfo[39m: Server is live on http://localhost:2026 - PID: 21976 - ENV: development
2025-06-15T12:22:39.952Z [right meow!] [32minfo[39m: Connected to MongoDB - for @development
2025-06-15T12:23:19.909Z [right meow!] [32minfo[39m: Request URL: /api/v1/auth/register - Method: POST - IP: ::1 - PostmanRuntime/7.44.0
2025-06-15T12:24:07.026Z [right meow!] [32minfo[39m: Connecting to MongoDB - for @development
2025-06-15T12:24:07.094Z [right meow!] [32minfo[39m: Prometheus metrics are available at http://localhost:2026/metrics
2025-06-15T12:24:07.101Z [right meow!] [32minfo[39m: Server is live on http://localhost:2026 - PID: 23632 - ENV: development
2025-06-15T12:24:07.148Z [right meow!] [32minfo[39m: Connected to MongoDB - for @development
2025-06-15T12:24:45.241Z [right meow!] [32minfo[39m: Connecting to MongoDB - for @development
2025-06-15T12:24:45.301Z [right meow!] [32minfo[39m: Prometheus metrics are available at http://localhost:2026/metrics
2025-06-15T12:24:45.302Z [right meow!] [32minfo[39m: Server is live on http://localhost:2026 - PID: 5612 - ENV: development
2025-06-15T12:24:45.329Z [right meow!] [32minfo[39m: Connected to MongoDB - for @development
2025-06-15T12:26:14.144Z [right meow!] [32minfo[39m: Connecting to MongoDB - for @development
2025-06-15T12:26:14.222Z [right meow!] [32minfo[39m: Prometheus metrics are available at http://localhost:2026/metrics
2025-06-15T12:26:14.224Z [right meow!] [32minfo[39m: Server is live on http://localhost:2026 - PID: 18036 - ENV: development
2025-06-15T12:26:14.265Z [right meow!] [32minfo[39m: Connected to MongoDB - for @development
2025-06-15T12:26:26.024Z [right meow!] [32minfo[39m: Request URL: /api/v1/auth/register - Method: POST - IP: ::1 - PostmanRuntime/7.44.0
2025-06-15T12:27:34.975Z [right meow!] [32minfo[39m: Connecting to MongoDB - for @development
2025-06-15T12:27:35.074Z [right meow!] [32minfo[39m: Prometheus metrics are available at http://localhost:2026/metrics
2025-06-15T12:27:35.076Z [right meow!] [32minfo[39m: Server is live on http://localhost:2026 - PID: 21452 - ENV: development
2025-06-15T12:27:35.123Z [right meow!] [32minfo[39m: Connected to MongoDB - for @development
2025-06-15T12:31:58.547Z [right meow!] [32minfo[39m: Connecting to MongoDB - for @development
2025-06-15T12:31:58.598Z [right meow!] [32minfo[39m: Prometheus metrics are available at http://localhost:2026/metrics
2025-06-15T12:31:58.599Z [right meow!] [32minfo[39m: Server is live on http://localhost:2026 - PID: 26492 - ENV: development
2025-06-15T12:31:58.624Z [right meow!] [32minfo[39m: Connected to MongoDB - for @development
2025-06-15T12:32:11.270Z [right meow!] [32minfo[39m: Request URL: /api/v1/auth/register - Method: POST - IP: ::1 - PostmanRuntime/7.44.0
2025-06-15T12:41:00.801Z [right meow!] [32minfo[39m: Connecting to MongoDB - for @development
2025-06-15T12:41:00.848Z [right meow!] [32minfo[39m: Prometheus metrics are available at http://localhost:2026/metrics
2025-06-15T12:41:00.849Z [right meow!] [32minfo[39m: Server is live on http://localhost:2026 - PID: 4428 - ENV: development
2025-06-15T12:41:00.874Z [right meow!] [32minfo[39m: Connected to MongoDB - for @development
2025-06-15T12:41:11.430Z [right meow!] [32minfo[39m: Request URL: /api/v1/auth/register - Method: POST - IP: ::1 - PostmanRuntime/7.44.0
2025-06-15T12:41:15.366Z [right meow!] [32minfo[39m: Request URL: /api/v1/auth/register - Method: POST - IP: ::1 - PostmanRuntime/7.44.0
2025-06-15T12:42:20.625Z [right meow!] [32minfo[39m: Connecting to MongoDB - for @development
2025-06-15T12:42:20.677Z [right meow!] [32minfo[39m: Prometheus metrics are available at http://localhost:2026/metrics
2025-06-15T12:42:20.681Z [right meow!] [32minfo[39m: Server is live on http://localhost:2026 - PID: 8916 - ENV: development
2025-06-15T12:42:20.708Z [right meow!] [32minfo[39m: Connected to MongoDB - for @development
2025-06-15T12:42:29.402Z [right meow!] [32minfo[39m: Request URL: /api/v1/auth/register - Method: POST - IP: ::1 - PostmanRuntime/7.44.0
2025-06-15T12:43:06.496Z [right meow!] [32minfo[39m: Connecting to MongoDB - for @development
2025-06-15T12:43:06.559Z [right meow!] [32minfo[39m: Prometheus metrics are available at http://localhost:2026/metrics
2025-06-15T12:43:06.560Z [right meow!] [32minfo[39m: Server is live on http://localhost:2026 - PID: 17340 - ENV: development
2025-06-15T12:43:06.593Z [right meow!] [32minfo[39m: Connected to MongoDB - for @development
2025-06-15T12:43:12.142Z [right meow!] [32minfo[39m: Request URL: /api/v1/auth/register - Method: POST - IP: ::1 - PostmanRuntime/7.44.0
2025-06-15T13:06:17.425Z [right meow!] [32minfo[39m: Connecting to MongoDB - for @development
2025-06-15T13:06:18.350Z [right meow!] [32minfo[39m: Prometheus metrics are available at http://localhost:2026/metrics
2025-06-15T13:06:18.351Z [right meow!] [32minfo[39m: Server is live on http://localhost:2026 - PID: 22932 - ENV: development
2025-06-15T13:06:18.789Z [right meow!] [32minfo[39m: Connected to MongoDB - for @development
2025-06-15T13:10:40.022Z [right meow!] [32minfo[39m: Request URL: /api/v1/auth/register - Method: POST - IP: ::1 - PostmanRuntime/7.44.0
2025-06-15T13:37:18.573Z [right meow!] [32minfo[39m: Connecting to MongoDB - for @development
2025-06-15T13:37:18.992Z [right meow!] [32minfo[39m: Prometheus metrics are available at http://localhost:2026/metrics
2025-06-15T13:37:18.993Z [right meow!] [32minfo[39m: Server is live on http://localhost:2026 - PID: 24864 - ENV: development
2025-06-15T13:37:19.906Z [right meow!] [32minfo[39m: Connected to MongoDB - for @development
2025-06-15T13:38:52.731Z [right meow!] [32minfo[39m: Request URL: /api/v1/register - Method: POST - IP: ::1 - PostmanRuntime/7.44.0
2025-06-15T14:33:45.987Z [right meow!] [32minfo[39m: SIGINT received....
2025-06-15T17:41:12.663Z [right meow!] [32minfo[39m: Connecting to MongoDB - for @development
2025-06-15T17:41:13.295Z [right meow!] [32minfo[39m: Prometheus metrics are available at http://localhost:2026/metrics
2025-06-15T17:41:13.296Z [right meow!] [32minfo[39m: Server is live on http://localhost:2026 - PID: 12712 - ENV: development
2025-06-15T17:41:43.076Z [right meow!] [32minfo[39m: Disconnected from MongoDB
2025-06-15T17:50:13.038Z [right meow!] [32minfo[39m: Connecting to MongoDB - for @development
2025-06-15T17:50:13.224Z [right meow!] [32minfo[39m: Prometheus metrics are available at http://localhost:2026/metrics
2025-06-15T17:50:13.226Z [right meow!] [32minfo[39m: Server is live on http://localhost:2026 - PID: 12868 - ENV: development
2025-06-15T17:50:43.142Z [right meow!] [32minfo[39m: Disconnected from MongoDB
2025-06-15T17:55:50.152Z [right meow!] [32minfo[39m: Connecting to MongoDB - for @development
2025-06-15T17:55:50.509Z [right meow!] [32minfo[39m: Prometheus metrics are available at http://localhost:2026/metrics
2025-06-15T17:55:50.511Z [right meow!] [32minfo[39m: Server is live on http://localhost:2026 - PID: 14276 - ENV: development
2025-06-15T17:55:50.985Z [right meow!] [32minfo[39m: Connected to MongoDB - for @development
2025-06-15T17:56:02.224Z [right meow!] [32minfo[39m: Request URL: /api/v1/register - Method: POST - IP: ::1 - PostmanRuntime/7.44.0
2025-06-15T17:57:02.464Z [right meow!] [31merror[39m: Cannot read properties of undefined (reading 'email')
2025-06-15T17:57:02.496Z [right meow!] [31merror[39m: Error: Cannot read properties of undefined (reading 'email') - TypeError: Cannot read properties of undefined (reading 'email')
    at C:\Users\USER\Desktop\Loan-as-a-Service\src\modules\auth\auth.controller.ts:28:53
    at Generator.next (<anonymous>)
    at C:\Users\USER\Desktop\Loan-as-a-Service\src\modules\auth\auth.controller.ts:8:71
    at new Promise (<anonymous>)
    at __awaiter (C:\Users\USER\Desktop\Loan-as-a-Service\src\modules\auth\auth.controller.ts:4:12)
    at C:\Users\USER\Desktop\Loan-as-a-Service\src\modules\auth\auth.controller.ts:25:66
    at C:\Users\USER\Desktop\Loan-as-a-Service\src\utils\common\asyncHandler.ts:8:13
    at Generator.next (<anonymous>)
    at C:\Users\USER\Desktop\Loan-as-a-Service\src\utils\common\asyncHandler.ts:8:71
    at new Promise (<anonymous>) - /api/v1/auth/register - POST - ::1
2025-06-15T17:58:52.051Z [right meow!] [32minfo[39m: Connecting to MongoDB - for @development
2025-06-15T17:58:52.255Z [right meow!] [32minfo[39m: Prometheus metrics are available at http://localhost:2026/metrics
2025-06-15T17:58:52.257Z [right meow!] [32minfo[39m: Server is live on http://localhost:2026 - PID: 6596 - ENV: development
2025-06-15T17:58:52.357Z [right meow!] [32minfo[39m: Connected to MongoDB - for @development
2025-06-15T17:58:57.624Z [right meow!] [33mwarn[39m: Blocked disposable email attempt: olu@yopmail.com
2025-06-15T17:59:23.613Z [right meow!] [31merror[39m: secretOrPrivateKey must have a value
2025-06-15T17:59:23.626Z [right meow!] [31merror[39m: Error: secretOrPrivateKey must have a value - Error: secretOrPrivateKey must have a value
    at Object.module.exports (C:\Users\USER\Desktop\Loan-as-a-Service\node_modules\jsonwebtoken\sign.js:111:20)
    at generateToken (C:\Users\USER\Desktop\Loan-as-a-Service\src\utils\hashes\jwthandler.ts:8:14)
    at C:\Users\USER\Desktop\Loan-as-a-Service\src\modules\auth\auth.controller.ts:55:32
    at Generator.next (<anonymous>)
    at fulfilled (C:\Users\USER\Desktop\Loan-as-a-Service\src\modules\auth\auth.controller.ts:5:58)
    at processTicksAndRejections (node:internal/process/task_queues:95:5) - /api/v1/auth/register - POST - ::1
2025-06-15T18:02:53.582Z [right meow!] [32minfo[39m: SIGINT received....
2025-06-15T18:52:32.902Z [right meow!] [32minfo[39m: Connecting to MongoDB - for @development
2025-06-15T18:52:33.062Z [right meow!] [32minfo[39m: Prometheus metrics are available at http://localhost:2026/metrics
2025-06-15T18:52:33.065Z [right meow!] [32minfo[39m: Server is live on http://localhost:2026 - PID: 13896 - ENV: development
2025-06-15T18:52:33.159Z [right meow!] [32minfo[39m: Connected to MongoDB - for @development
2025-06-15T18:52:48.905Z [right meow!] [33mwarn[39m: Duplicate email registration attempt: olu@gmail.com
2025-06-15T18:56:23.861Z [right meow!] [32minfo[39m: User created successfully
2025-06-15T19:00:23.859Z [right meow!] [32minfo[39m: Connecting to MongoDB - for @development
2025-06-15T19:00:23.988Z [right meow!] [32minfo[39m: Prometheus metrics are available at http://localhost:2026/metrics
2025-06-15T19:00:23.990Z [right meow!] [32minfo[39m: Server is live on http://localhost:2026 - PID: 16732 - ENV: development
2025-06-15T19:00:24.049Z [right meow!] [32minfo[39m: Connected to MongoDB - for @development
2025-06-15T19:09:28.343Z [right meow!] [32minfo[39m: Connecting to MongoDB - for @development
2025-06-15T19:09:28.429Z [right meow!] [32minfo[39m: Prometheus metrics are available at http://localhost:2026/metrics
2025-06-15T19:09:28.431Z [right meow!] [32minfo[39m: Server is live on http://localhost:2026 - PID: 16540 - ENV: development
2025-06-15T19:09:28.478Z [right meow!] [32minfo[39m: Connected to MongoDB - for @development
2025-06-15T19:09:56.940Z [right meow!] [31merror[39m: Cannot destructure property 'refreshToken' of 'req.cookies' as it is undefined.
2025-06-15T19:09:58.718Z [right meow!] [31merror[39m: Error: Cannot destructure property 'refreshToken' of 'req.cookies' as it is undefined. - TypeError: Cannot destructure property 'refreshToken' of 'req.cookies' as it is undefined.
    at C:\Users\USER\Desktop\Loan-as-a-Service\src\modules\auth\auth.controller.ts:121:13
    at Generator.next (<anonymous>)
    at C:\Users\USER\Desktop\Loan-as-a-Service\src\modules\auth\auth.controller.ts:8:71
    at new Promise (<anonymous>)
    at __awaiter (C:\Users\USER\Desktop\Loan-as-a-Service\src\modules\auth\auth.controller.ts:4:12)
    at C:\Users\USER\Desktop\Loan-as-a-Service\src\modules\auth\auth.controller.ts:120:74
    at C:\Users\USER\Desktop\Loan-as-a-Service\src\utils\common\asyncHandler.ts:8:13
    at Generator.next (<anonymous>)
    at C:\Users\USER\Desktop\Loan-as-a-Service\src\utils\common\asyncHandler.ts:8:71
    at new Promise (<anonymous>) - /api/v1/auth/refresh-token - POST - ::1
2025-06-15T19:16:33.598Z [right meow!] [32minfo[39m: Connecting to MongoDB - for @development
2025-06-15T19:16:33.663Z [right meow!] [32minfo[39m: Prometheus metrics are available at http://localhost:2026/metrics
2025-06-15T19:16:33.664Z [right meow!] [32minfo[39m: Server is live on http://localhost:2026 - PID: 14884 - ENV: development
2025-06-15T19:16:33.712Z [right meow!] [32minfo[39m: Connected to MongoDB - for @development
2025-06-15T19:19:46.987Z [right meow!] [32minfo[39m: Connecting to MongoDB - for @development
2025-06-15T19:19:47.072Z [right meow!] [32minfo[39m: Prometheus metrics are available at http://localhost:2026/metrics
2025-06-15T19:19:47.074Z [right meow!] [32minfo[39m: Server is live on http://localhost:2026 - PID: 8228 - ENV: development
2025-06-15T19:19:47.145Z [right meow!] [32minfo[39m: Connected to MongoDB - for @development
2025-06-15T19:20:28.500Z [right meow!] [32minfo[39m: Connecting to MongoDB - for @development
2025-06-15T19:20:28.618Z [right meow!] [32minfo[39m: Prometheus metrics are available at http://localhost:2026/metrics
2025-06-15T19:20:28.619Z [right meow!] [32minfo[39m: Server is live on http://localhost:2026 - PID: 2168 - ENV: development
2025-06-15T19:20:28.717Z [right meow!] [32minfo[39m: Connected to MongoDB - for @development
2025-06-15T19:20:40.513Z [right meow!] [32minfo[39m: Request URL: /api/v1/auth/refresh-token - Method: POST - IP: ::1 - PostmanRuntime/7.44.0
2025-06-15T19:30:54.717Z [right meow!] [32minfo[39m: Connecting to MongoDB - for @development
2025-06-15T19:30:54.792Z [right meow!] [32minfo[39m: Prometheus metrics are available at http://localhost:2026/metrics
2025-06-15T19:30:54.795Z [right meow!] [32minfo[39m: Server is live on http://localhost:2026 - PID: 3288 - ENV: development
2025-06-15T19:30:54.869Z [right meow!] [32minfo[39m: Connected to MongoDB - for @development
2025-06-15T19:31:18.292Z [right meow!] [32minfo[39m: Connecting to MongoDB - for @development
2025-06-15T19:31:18.389Z [right meow!] [32minfo[39m: Prometheus metrics are available at http://localhost:2026/metrics
2025-06-15T19:31:18.392Z [right meow!] [32minfo[39m: Server is live on http://localhost:2026 - PID: 13628 - ENV: development
2025-06-15T19:31:18.480Z [right meow!] [32minfo[39m: Connected to MongoDB - for @development
2025-06-15T19:32:01.224Z [right meow!] [32minfo[39m: Request URL: /api/v1/auth/register - Method: POST - IP: ::1 - PostmanRuntime/7.44.0
2025-06-15T19:32:01.689Z [right meow!] [32minfo[39m: User created successfully
2025-06-15T19:32:44.673Z [right meow!] [32minfo[39m: Request URL: /api/v1/auth/register - Method: POST - IP: ::1 - PostmanRuntime/7.44.0
2025-06-15T19:32:44.941Z [right meow!] [32minfo[39m: User created successfully
2025-06-15T19:33:44.690Z [right meow!] [32minfo[39m: Request URL: /api/v1/auth/register - Method: POST - IP: ::1 - PostmanRuntime/7.44.0
2025-06-15T19:33:44.981Z [right meow!] [32minfo[39m: User created successfully
2025-06-15T19:37:52.143Z [right meow!] [32minfo[39m: Request URL: /api/v1/loan/apply - Method: POST - IP: ::1 - PostmanRuntime/7.44.0
2025-06-15T19:39:41.824Z [right meow!] [32minfo[39m: Request URL: /api/v1/auth/login - Method: POST - IP: ::1 - PostmanRuntime/7.44.0
2025-06-15T19:40:12.530Z [right meow!] [32minfo[39m: Request URL: /api/v1/loan/apply - Method: POST - IP: ::1 - PostmanRuntime/7.44.0
2025-06-15T19:40:34.354Z [right meow!] [32minfo[39m: Request URL: /api/v1/loan/apply - Method: POST - IP: ::1 - PostmanRuntime/7.44.0
2025-06-15T19:45:57.797Z [right meow!] [32minfo[39m: Request URL: /api/v1/loan/684f21107489fc70d59650ab/approve - Method: PATCH - IP: ::1 - PostmanRuntime/7.44.0
2025-06-15T19:46:47.510Z [right meow!] [32minfo[39m: Request URL: /api/v1/loan/684f21107489fc70d59650ab/approve - Method: PATCH - IP: ::1 - PostmanRuntime/7.44.0
2025-06-15T19:47:01.044Z [right meow!] [32minfo[39m: Request URL: /api/v1/loan/684f21107489fc70d59650ab/approve - Method: PATCH - IP: ::1 - PostmanRuntime/7.44.0
2025-06-15T19:47:09.473Z [right meow!] [32minfo[39m: Request URL: /api/v1/auth/login - Method: POST - IP: ::1 - PostmanRuntime/7.44.0
2025-06-15T19:47:44.966Z [right meow!] [32minfo[39m: Request URL: /api/v1/loan/684f21107489fc70d59650ab/approve - Method: PATCH - IP: ::1 - PostmanRuntime/7.44.0
2025-06-15T21:22:12.971Z [right meow!] [32minfo[39m: Connecting to MongoDB - for @development
2025-06-15T21:22:14.616Z [right meow!] [32minfo[39m: Prometheus metrics are available at http://localhost:2026/metrics
2025-06-15T21:22:14.617Z [right meow!] [32minfo[39m: Server is live on http://localhost:2026 - PID: 15872 - ENV: development
2025-06-15T21:22:43.597Z [right meow!] [32minfo[39m: Disconnected from MongoDB
2025-06-15T21:26:03.009Z [right meow!] [32minfo[39m: Connecting to MongoDB - for @development
2025-06-15T21:26:03.133Z [right meow!] [32minfo[39m: Prometheus metrics are available at http://localhost:2026/metrics
2025-06-15T21:26:03.135Z [right meow!] [32minfo[39m: Server is live on http://localhost:2026 - PID: 15252 - ENV: development
2025-06-15T21:26:03.390Z [right meow!] [32minfo[39m: Connected to MongoDB - for @development
2025-06-15T21:26:12.175Z [right meow!] [32minfo[39m: Request URL: /api/v1/loan/684f21107489fc70d59650ab/approve - Method: PATCH - IP: ::1 - PostmanRuntime/7.44.0
2025-06-15T21:55:30.592Z [right meow!] [32minfo[39m: SIGINT received....
2025-06-15T22:32:48.097Z [right meow!] [32minfo[39m: Connecting to MongoDB - for @development
2025-06-15T22:32:48.254Z [right meow!] [32minfo[39m: Prometheus metrics are available at http://localhost:2026/metrics
2025-06-15T22:32:48.255Z [right meow!] [32minfo[39m: Server is live on http://localhost:2026 - PID: 17084 - ENV: development
2025-06-15T22:32:48.484Z [right meow!] [32minfo[39m: Connected to MongoDB - for @development
2025-06-15T22:33:33.230Z [right meow!] [32minfo[39m: Request URL: /api/v1/auth/login - Method: POST - IP: ::1 - PostmanRuntime/7.44.0
2025-06-15T22:33:59.771Z [right meow!] [32minfo[39m: Request URL: /api/v1/loan/684f21107489fc70d59650ab/approve - Method: PATCH - IP: ::1 - PostmanRuntime/7.44.0
2025-06-15T22:36:59.169Z [right meow!] [32minfo[39m: Connecting to MongoDB - for @development
2025-06-15T22:36:59.257Z [right meow!] [32minfo[39m: Prometheus metrics are available at http://localhost:2026/metrics
2025-06-15T22:36:59.266Z [right meow!] [32minfo[39m: Server is live on http://localhost:2026 - PID: 14280 - ENV: development
2025-06-15T22:36:59.319Z [right meow!] [32minfo[39m: Connected to MongoDB - for @development
2025-06-15T22:39:44.207Z [right meow!] [32minfo[39m: Connecting to MongoDB - for @development
2025-06-15T22:39:44.253Z [right meow!] [32minfo[39m: Prometheus metrics are available at http://localhost:2026/metrics
2025-06-15T22:39:44.254Z [right meow!] [32minfo[39m: Server is live on http://localhost:2026 - PID: 2504 - ENV: development
2025-06-15T22:39:44.287Z [right meow!] [32minfo[39m: Connected to MongoDB - for @development
2025-06-15T22:40:52.183Z [right meow!] [32minfo[39m: Connecting to MongoDB - for @development
2025-06-15T22:40:52.270Z [right meow!] [32minfo[39m: Prometheus metrics are available at http://localhost:2026/metrics
2025-06-15T22:40:52.271Z [right meow!] [32minfo[39m: Server is live on http://localhost:2026 - PID: 16352 - ENV: development
2025-06-15T22:40:52.305Z [right meow!] [32minfo[39m: Connected to MongoDB - for @development
2025-06-15T22:41:47.573Z [right meow!] [32minfo[39m: Request URL: /api/v1/auth/login - Method: POST - IP: ::1 - PostmanRuntime/7.44.0
2025-06-15T22:42:07.578Z [right meow!] [32minfo[39m: Request URL: /api/v1/loan/684f21107489fc70d59650ab/approve - Method: PATCH - IP: ::1 - PostmanRuntime/7.44.0
2025-06-15T22:45:30.865Z [right meow!] [32minfo[39m: Request URL: /api/v1/loan/684f21107489fc70d59650ab/reject - Method: PATCH - IP: ::1 - PostmanRuntime/7.44.0
2025-06-15T22:45:30.966Z [right meow!] [31merror[39m: Loan not found or cannot be rejected (already processed)
2025-06-15T22:45:30.974Z [right meow!] [31merror[39m: Error: Loan not found or cannot be rejected (already processed) - Error: Loan not found or cannot be rejected (already processed)
    at Function.<anonymous> (C:\Users\USER\Desktop\Loan-as-a-Service\src\modules\loan\loan.service.ts:97:13)
    at Generator.next (<anonymous>)
    at fulfilled (C:\Users\USER\Desktop\Loan-as-a-Service\src\modules\loan\loan.service.ts:38:58)
    at processTicksAndRejections (node:internal/process/task_queues:95:5) - /api/v1/loan/684f21107489fc70d59650ab/reject - PATCH - ::1
2025-06-15T22:46:14.621Z [right meow!] [32minfo[39m: Request URL: /api/v1/loan/apply - Method: POST - IP: ::1 - PostmanRuntime/7.44.0
2025-06-15T22:46:42.836Z [right meow!] [32minfo[39m: Request URL: /api/v1/auth/register - Method: POST - IP: ::1 - PostmanRuntime/7.44.0
2025-06-15T22:46:43.092Z [right meow!] [32minfo[39m: User created successfully
2025-06-15T22:47:26.590Z [right meow!] [32minfo[39m: Request URL: /api/v1/loan/apply - Method: POST - IP: ::1 - PostmanRuntime/7.44.0
2025-06-15T22:47:55.874Z [right meow!] [32minfo[39m: Request URL: /api/v1/loan/684f4d7e3bcc16d64da22f0b/reject - Method: PATCH - IP: ::1 - PostmanRuntime/7.44.0
2025-06-15T22:50:42.271Z [right meow!] [32minfo[39m: Request URL: /api/v1/auth/login - Method: POST - IP: ::1 - PostmanRuntime/7.44.0
2025-06-15T22:51:08.973Z [right meow!] [32minfo[39m: Request URL: /api/v1/loan/ - Method: GET - IP: ::1 - PostmanRuntime/7.44.0
2025-06-15T22:53:36.674Z [right meow!] [32minfo[39m: Connecting to MongoDB - for @development
2025-06-15T22:53:36.711Z [right meow!] [32minfo[39m: Prometheus metrics are available at http://localhost:2026/metrics
2025-06-15T22:53:36.713Z [right meow!] [32minfo[39m: Server is live on http://localhost:2026 - PID: 8812 - ENV: development
2025-06-15T22:53:36.750Z [right meow!] [32minfo[39m: Connected to MongoDB - for @development
2025-06-15T22:55:38.216Z [right meow!] [32minfo[39m: Request URL: /api/v1/agent/commissions - Method: GET - IP: ::1 - PostmanRuntime/7.44.0
2025-06-15T22:56:48.393Z [right meow!] [32minfo[39m: Request URL: /api/v1/auth/login - Method: POST - IP: ::1 - PostmanRuntime/7.44.0
2025-06-15T22:57:05.256Z [right meow!] [32minfo[39m: Request URL: /api/v1/agent/commissions - Method: GET - IP: ::1 - PostmanRuntime/7.44.0
2025-06-15T23:02:36.472Z [right meow!] [32minfo[39m: Request URL: /api/v1/auth/login - Method: POST - IP: ::1 - PostmanRuntime/7.44.0
2025-06-15T23:03:12.765Z [right meow!] [32minfo[39m: Request URL: /api/v1/repay/684f21107489fc70d59650ab - Method: POST - IP: ::1 - PostmanRuntime/7.44.0
